2026-03-04 17:34:57,738 [INFO] [TEST] would post news: Iran-Israel war LIVE: Hegseth says U.S. sub sank Iranian warship off Sri Lanka - The Hindu
[2026-03-04T17:34:57.738713] TEST - NEWS - Iran-Israel war LIVE: Hegseth says U.S. sub sank Iranian warship off Sri Lanka - The Hindu
2026-03-04 17:34:57,738 [INFO] done. simulated 1 items.
2026-03-07 13:09:56,709 [INFO] [TEST] would post news: 'Pressure on India to win T20 World Cup at home... our goal is to silence the crowd': Mitchell Santner - The Times of India
[2026-03-07T13:09:56.710018] TEST - NEWS - 'Pressure on India to win T20 World Cup at home... our goal is to silence the crowd': Mitchell Santner - The Times of India
2026-03-07 13:09:56,710 [INFO] done. simulated 1 items.
2026-03-07 13:15:36,453 [INFO] [TEST] would post news: UAE, Qatar war news LIVE: UAE intercepts 15 ballistic missiles, 119 drones as Iran forces target US bases | World News - Hindustan Times
[2026-03-07T13:15:36.453664] TEST - NEWS - UAE, Qatar war news LIVE: UAE intercepts 15 ballistic missiles, 119 drones as Iran forces target US bases | World News - Hindustan Times
2026-03-07 13:15:36,453 [INFO] done. simulated 1 items.
2026-03-08 07:40:08,680 [INFO] [TEST] would post news: Dubai Abu Dhabi news LIVE: UAE residents receive ‘potential missile threat’ alert; Indian embassy issues advisory | World News - Hindustan Times
[2026-03-08T07:40:08.681474+00:00] TEST - NEWS - Dubai Abu Dhabi news LIVE: UAE residents receive ‘potential missile threat’ alert; Indian embassy issues advisory | World News - Hindustan Times
2026-03-08 07:40:08,681 [INFO] done. simulated 1 items.
2026-03-08 08:05:39,866 [INFO] [TEST] would post news: Dubai Abu Dhabi news LIVE: UAE residents receive ‘potential missile threat’ alert; Indian embassy issues advisory | World News - Hindustan Times
[2026-03-08T08:05:39.866266+00:00] TEST - NEWS - Dubai Abu Dhabi news LIVE: UAE residents receive ‘potential missile threat’ alert; Indian embassy issues advisory | World News - Hindustan Times
2026-03-08 08:05:39,866 [INFO] done. simulated 1 items.
2026-03-11 02:49:01,866 [ERROR] instagram photo post failed: 500 Server Error: Internal Server Error for url: https://graph.facebook.com/v18.0/17841467723671727/media - {"error":{"message":"An unexpected error has occurred. Please retry your request later.","type":"OAuthException","is_transient":true,"code":2,"fbtrace_id":"Adoabz02gnVYhPR8cyT6m9I"}}
2026-03-11 02:49:13,098 [ERROR] instagram photo post failed: 400 Client Error: Bad Request for url: https://graph.facebook.com/v18.0/17841467723671727/media_publish - {"id":"17922256185257456"}
2026-03-11 02:49:25,392 [ERROR] instagram photo post failed: 400 Client Error: Bad Request for url: https://graph.facebook.com/v18.0/17841467723671727/media_publish - {"id":"17922256224257456"}
2026-03-11 02:49:37,494 [ERROR] instagram photo post failed: 400 Client Error: Bad Request for url: https://graph.facebook.com/v18.0/17841467723671727/media_publish - {"id":"17922256284257456"}
2026-03-11 02:49:48,578 [ERROR] instagram photo post failed: 400 Client Error: Bad Request for url: https://graph.facebook.com/v18.0/17841467723671727/media_publish - {"id":"17922256299257456"}
2026-03-11 02:55:09,191 [ERROR] instagram photo post failed: 400 Client Error: Bad Request for url: https://graph.facebook.com/v18.0/17841467723671727/media_publish - {"id":"17922256821257456"}
2026-03-11 02:55:21,271 [ERROR] instagram photo post failed: 400 Client Error: Bad Request for url: https://graph.facebook.com/v18.0/17841467723671727/media_publish - {"id":"17922256851257456"}
2026-03-11 02:55:32,317 [ERROR] instagram photo post failed: 400 Client Error: Bad Request for url: https://graph.facebook.com/v18.0/17841467723671727/media_publish - {"id":"17922256869257456"}
2026-03-11 02:55:46,399 [ERROR] instagram photo post failed: 400 Client Error: Bad Request for url: https://graph.facebook.com/v18.0/17841467723671727/media_publish - {"id":"17922256992257456"}
2026-03-11 02:56:00,288 [ERROR] instagram photo post failed: 400 Client Error: Bad Request for url: https://graph.facebook.com/v18.0/17841467723671727/media_publish - {"id":"17922257016257456"}
2026-03-11 02:56:12,526 [ERROR] instagram photo post failed: 400 Client Error: Bad Request for url: https://graph.facebook.com/v18.0/17841467723671727/media_publish - {"id":"17922257046257456"}
2026-03-11 02:56:23,487 [ERROR] instagram photo post failed: 400 Client Error: Bad Request for url: https://graph.facebook.com/v18.0/17841467723671727/media_publish - {"id":"17922257070257456"}
2026-03-11 02:56:36,667 [ERROR] instagram photo post failed: 400 Client Error: Bad Request for url: https://graph.facebook.com/v18.0/17841467723671727/media_publish - {"id":"17922257091257456"}
2026-03-11 02:56:50,513 [ERROR] instagram photo post failed: 400 Client Error: Bad Request for url: https://graph.facebook.com/v18.0/17841467723671727/media_publish - {"id":"17922257118257456"}
2026-03-11 02:57:00,536 [ERROR] instagram photo post failed: 400 Client Error: Bad Request for url: https://graph.facebook.com/v18.0/17841467723671727/media_publish - {"id":"17922257241257456"}
2026-03-11 02:57:10,834 [ERROR] instagram photo post failed: 400 Client Error: Bad Request for url: https://graph.facebook.com/v18.0/17841467723671727/media_publish - {"id":"17922257262257456"}
2026-03-11 02:57:23,321 [ERROR] instagram photo post failed: 400 Client Error: Bad Request for url: https://graph.facebook.com/v18.0/17841467723671727/media_publish - {"id":"17922257280257456"}
2026-03-11 02:57:39,158 [ERROR] instagram photo post failed: 400 Client Error: Bad Request for url: https://graph.facebook.com/v18.0/17841467723671727/media_publish - {"id":"17922257319257456"}
2026-03-11 02:57:51,549 [ERROR] instagram photo post failed: 400 Client Error: Bad Request for url: https://graph.facebook.com/v18.0/17841467723671727/media_publish - {"id":"17922257418257456"}
2026-03-11 02:58:03,547 [ERROR] instagram photo post failed: 400 Client Error: Bad Request for url: https://graph.facebook.com/v18.0/17841467723671727/media_publish - {"id":"17922257445257456"}
2026-03-11 02:58:15,617 [ERROR] instagram photo post failed: 400 Client Error: Bad Request for url: https://graph.facebook.com/v18.0/17841467723671727/media_publish - {"id":"17922257457257456"}
2026-03-11 02:58:28,248 [ERROR] instagram photo post failed: 400 Client Error: Bad Request for url: https://graph.facebook.com/v18.0/17841467723671727/media_publish - {"id":"17922257472257456"}
2026-03-11 02:58:41,270 [ERROR] instagram photo post failed: 400 Client Error: Bad Request for url: https://graph.facebook.com/v18.0/17841467723671727/media_publish - {"id":"17922257505257456"}
2026-03-11 02:58:51,805 [ERROR] instagram photo post failed: 400 Client Error: Bad Request for url: https://graph.facebook.com/v18.0/17841467723671727/media_publish - {"id":"17922257532257456"}
2026-03-11 02:59:03,115 [ERROR] instagram photo post failed: 400 Client Error: Bad Request for url: https://graph.facebook.com/v18.0/17841467723671727/media_publish - {"id":"17922257544257456"}
2026-03-11 02:59:18,740 [ERROR] instagram photo post failed: 400 Client Error: Bad Request for url: https://graph.facebook.com/v18.0/17841467723671727/media_publish - {"id":"17922257577257456"}
2026-03-11 02:59:30,830 [ERROR] instagram photo post failed: 400 Client Error: Bad Request for url: https://graph.facebook.com/v18.0/17841467723671727/media_publish - {"id":"17922257592257456"}
2026-03-11 02:59:40,806 [ERROR] instagram photo post failed: 400 Client Error: Bad Request for url: https://graph.facebook.com/v18.0/17841467723671727/media_publish - {"id":"17922257613257456"}
2026-03-11 02:59:52,753 [ERROR] instagram photo post failed: 400 Client Error: Bad Request for url: https://graph.facebook.com/v18.0/17841467723671727/media_publish - {"id":"17922257640257456"}
2026-03-11 03:00:03,769 [ERROR] instagram photo post failed: 400 Client Error: Bad Request for url: https://graph.facebook.com/v18.0/17841467723671727/media_publish - {"id":"17922257658257456"}
2026-03-11 03:00:14,504 [ERROR] instagram photo post failed: 400 Client Error: Bad Request for url: https://graph.facebook.com/v18.0/17841467723671727/media_publish - {"id":"17922257682257456"}
2026-03-11 03:00:27,405 [ERROR] instagram photo post failed: 400 Client Error: Bad Request for url: https://graph.facebook.com/v18.0/17841467723671727/media_publish - {"id":"17922257703257456"}
2026-03-11 03:00:39,283 [ERROR] instagram photo post failed: 400 Client Error: Bad Request for url: https://graph.facebook.com/v18.0/17841467723671727/media_publish - {"id":"17922257742257456"}
2026-03-11 03:00:49,151 [ERROR] instagram photo post failed: 400 Client Error: Bad Request for url: https://graph.facebook.com/v18.0/17841467723671727/media_publish - {"id":"17922257766257456"}
2026-03-11 03:01:01,798 [ERROR] instagram photo post failed: 400 Client Error: Bad Request for url: https://graph.facebook.com/v18.0/17841467723671727/media_publish - {"id":"17922257793257456"}
2026-03-11 03:01:13,798 [ERROR] instagram photo post failed: 400 Client Error: Bad Request for url: https://graph.facebook.com/v18.0/17841467723671727/media_publish - {"id":"17922257862257456"}
2026-03-11 03:01:25,956 [ERROR] instagram photo post failed: 400 Client Error: Bad Request for url: https://graph.facebook.com/v18.0/17841467723671727/media_publish - {"id":"17922257934257456"}
2026-03-11 03:01:36,170 [ERROR] instagram photo post failed: 400 Client Error: Bad Request for url: https://graph.facebook.com/v18.0/17841467723671727/media_publish - {"id":"17922258006257456"}
2026-03-11 03:01:47,922 [ERROR] instagram photo post failed: 400 Client Error: Bad Request for url: https://graph.facebook.com/v18.0/17841467723671727/media_publish - {"id":"17922258051257456"}
2026-03-11 03:01:58,274 [ERROR] instagram photo post failed: 400 Client Error: Bad Request for url: https://graph.facebook.com/v18.0/17841467723671727/media_publish - {"id":"17922258066257456"}
2026-03-11 03:02:08,660 [ERROR] instagram photo post failed: 400 Client Error: Bad Request for url: https://graph.facebook.com/v18.0/17841467723671727/media_publish - {"id":"17922258090257456"}
2026-03-11 03:02:24,443 [ERROR] instagram photo post failed: 400 Client Error: Bad Request for url: https://graph.facebook.com/v18.0/17841467723671727/media_publish - {"id":"17922258120257456"}
2026-03-11 03:02:36,088 [ERROR] instagram photo post failed: 400 Client Error: Bad Request for url: https://graph.facebook.com/v18.0/17841467723671727/media_publish - {"id":"17922258144257456"}
2026-03-11 03:02:47,655 [ERROR] instagram photo post failed: 400 Client Error: Bad Request for url: https://graph.facebook.com/v18.0/17841467723671727/media_publish - {"id":"17922258171257456"}
2026-03-11 03:02:57,714 [ERROR] instagram photo post failed: 400 Client Error: Bad Request for url: https://graph.facebook.com/v18.0/17841467723671727/media_publish - {"id":"17922258207257456"}
2026-03-11 03:03:07,709 [ERROR] instagram photo post failed: 400 Client Error: Bad Request for url: https://graph.facebook.com/v18.0/17841467723671727/media_publish - {"id":"17922258243257456"}
2026-03-11 03:03:20,323 [ERROR] instagram photo post failed: 400 Client Error: Bad Request for url: https://graph.facebook.com/v18.0/17841467723671727/media_publish - {"id":"17922258480257456"}
2026-03-11 03:03:33,591 [ERROR] instagram photo post failed: 400 Client Error: Bad Request for url: https://graph.facebook.com/v18.0/17841467723671727/media_publish - {"id":"17922258510257456"}
2026-03-11 03:03:45,713 [ERROR] instagram photo post failed: 400 Client Error: Bad Request for url: https://graph.facebook.com/v18.0/17841467723671727/media_publish - {"id":"17922258546257456"}
2026-03-11 03:03:57,109 [ERROR] instagram photo post failed: 400 Client Error: Bad Request for url: https://graph.facebook.com/v18.0/17841467723671727/media_publish - {"id":"17922258558257456"}
2026-03-11 03:04:09,234 [ERROR] instagram photo post failed: 400 Client Error: Bad Request for url: https://graph.facebook.com/v18.0/17841467723671727/media_publish - {"id":"17922258588257456"}
2026-03-11 03:04:20,529 [ERROR] instagram photo post failed: 400 Client Error: Bad Request for url: https://graph.facebook.com/v18.0/17841467723671727/media_publish - {"id":"17922258612257456"}
2026-03-11 03:04:30,923 [ERROR] instagram photo post failed: 400 Client Error: Bad Request for url: https://graph.facebook.com/v18.0/17841467723671727/media_publish - {"id":"17922258627257456"}
2026-03-11 03:04:42,533 [ERROR] instagram photo post failed: 400 Client Error: Bad Request for url: https://graph.facebook.com/v18.0/17841467723671727/media_publish - {"id":"17922258657257456"}
2026-03-11 03:04:54,021 [ERROR] instagram photo post failed: 400 Client Error: Bad Request for url: https://graph.facebook.com/v18.0/17841467723671727/media_publish - {"id":"17922258675257456"}
2026-03-11 03:05:05,305 [ERROR] instagram photo post failed: 400 Client Error: Bad Request for url: https://graph.facebook.com/v18.0/17841467723671727/media_publish - {"id":"17922258693257456"}
2026-03-11 03:05:17,475 [ERROR] instagram photo post failed: 400 Client Error: Bad Request for url: https://graph.facebook.com/v18.0/17841467723671727/media_publish - {"id":"17922258711257456"}
2026-03-11 03:05:28,950 [ERROR] instagram photo post failed: 400 Client Error: Bad Request for url: https://graph.facebook.com/v18.0/17841467723671727/media_publish - {"id":"17922258729257456"}
